<?xml version="1.0" encoding="UTF-8"?>
<testng-results skipped="0" failed="0" ignored="0" total="1" passed="1">
  <reporter-output>
  </reporter-output>
  <suite name="Default suite" duration-ms="10278" started-at="2020-07-07T13:56:03 PDT" finished-at="2020-07-07T13:56:14 PDT">
    <groups>
    </groups>
    <test name="Default test" duration-ms="10278" started-at="2020-07-07T13:56:03 PDT" finished-at="2020-07-07T13:56:14 PDT">
      <class name="com.regence.testcases.LoginTestRegence">
        <test-method status="PASS" signature="setup()[pri:0, instance:com.regence.testcases.LoginTestRegence@396f6598]" name="setup" is-config="true" duration-ms="9897" started-at="2020-07-07T13:55:53 PDT" finished-at="2020-07-07T13:56:03 PDT">
          <reporter-output>
          </reporter-output>
        </test-method> <!-- setup -->
        <test-method status="PASS" signature="login()[pri:0, instance:com.regence.testcases.LoginTestRegence@396f6598]" name="login" duration-ms="10247" started-at="2020-07-07T13:56:03 PDT" finished-at="2020-07-07T13:56:14 PDT">
          <reporter-output>
          </reporter-output>
        </test-method> <!-- login -->
      </class> <!-- com.regence.testcases.LoginTestRegence -->
    </test> <!-- Default test -->
  </suite> <!-- Default suite -->
</testng-results>
